<?xml version="1.0" encoding="UTF-8"?>
<!-- Generated by org.testng.reporters.JUnitReportReporter -->
<testsuite skipped="0" hostname="LAPTOP-8QDITK34" name="SampleTest.ParameterTest" tests="1" failures="0" timestamp="2022-07-14T12:46:24 IST" time="0.010" errors="0">
  <testcase name="tryParameter" time="0.010" classname="SampleTest.ParameterTest"/>
  <system-out/>
</testsuite> <!-- SampleTest.ParameterTest -->
