<?xml version="1.0" encoding="UTF-8"?>
<!-- Generated by org.testng.reporters.JUnitReportReporter -->
<testsuite skipped="0" hostname="LAPTOP-8QDITK34" name="SampleTest.RunSampleMaven" tests="1" failures="0" timestamp="2022-07-14T12:44:58 IST" time="0.011" errors="0">
  <testcase name="helloNikhil" time="0.011" classname="SampleTest.RunSampleMaven"/>
  <system-out/>
</testsuite> <!-- SampleTest.RunSampleMaven -->
